2022-06-13 00:48:15,310 INFO  [license] ReadyAPI 3.30.0 (build 8182) started - System properties: {OS=Windows 10, User name=002NAM744}
2022-06-13 00:48:15,536 INFO  [DefaultSoapUICore] ReadyAPI settings were initialized from [C:\Users\002NAM744\.readyapi\readyapi-settings.xml]
2022-06-13 00:48:15,847 INFO  [SoapUIExtensionClassLoader] "C:\Program Files\SmartBear\ReadyAPI-3.30.0\bin\ext\mssql-jdbc-9.2.1.jre15.jar" has been added to the classpath.
2022-06-13 00:48:15,847 INFO  [SoapUIExtensionClassLoader] "C:\Program Files\SmartBear\ReadyAPI-3.30.0\bin\ext\postgresql-9.3-1102.jdbc41.jar" has been added to the classpath.
2022-06-13 00:48:15,848 WARN  [SoapUIExtensionClassLoader] The path to the custom library is not specified.
2022-06-13 00:48:15,926 INFO  [DefaultSoapUICore] 2 JDBC drivers have been registered from the directory bin/ext: [com.microsoft.sqlserver.jdbc.SQLServerDriver, org.postgresql.Driver].
2022-06-13 00:48:16,963 INFO  [DefaultSoapUICore] Adding listeners from [C:\Program Files\SmartBear\ReadyAPI-3.30.0\bin\listeners\demo-listeners.xml]
2022-06-13 00:48:17,003 WARN  [SoapUIJasperReportManager] The report directory is not specified. The default report directory will be used.
2022-06-13 00:48:18,685 INFO  [DefaultSoapUICore] Adding actions from [C:\Program Files\SmartBear\ReadyAPI-3.30.0\bin\actions\demo-actions.xml]
2022-06-13 00:48:18,960 INFO  [Reflections] Reflections took 698 ms to scan 16 urls, producing 596 keys and 2299 values 
2022-06-13 00:48:19,063 INFO  [Reflections] Reflections took 51 ms to scan 2 urls, producing 79 keys and 175 values 
2022-06-13 00:48:19,096 INFO  [Reflections] Reflections took 27 ms to scan 1 urls, producing 44 keys and 335 values 
2022-06-13 00:48:19,560 INFO  [LicenseManagerServiceImpl] Invalid legacy license for SoapUIPro: [2022-04-27 00:00:00] soapUI trial - 01d342cc-19be-465e-9275-6746e2736f87, issue date = 2022-04-27T05:30:00.000+0530, expiry date = 2022-05-12T05:30:00.000+0530
2022-06-13 00:48:19,561 INFO  [LicenseManagerServiceImpl] Legacy license expired at 2022-05-12T05:30:00.000+0530
2022-06-13 00:48:19,569 INFO  [LicenseManagerServiceImpl] No reserve legacy license found
2022-06-13 00:48:20,408 INFO  [LicenseManagerServiceImpl] Invalid legacy license for LoadUI: [2022-04-27 00:00:00] loadUI trial - 01d342cc-19be-465e-9275-6746e2736f87, issue date = 2022-04-27T05:30:00.000+0530, expiry date = 2022-05-12T05:30:00.000+0530
2022-06-13 00:48:20,409 INFO  [LicenseManagerServiceImpl] Legacy license expired at 2022-05-12T05:30:00.000+0530
2022-06-13 00:48:20,414 INFO  [LicenseManagerServiceImpl] No reserve legacy license found
2022-06-13 00:48:20,483 INFO  [PluginManager] 3 out of 3 plugins have been loaded in 1384 ms.
2022-06-13 00:48:20,526 INFO  [LicenseManagerServiceImpl] Invalid legacy license for ServiceV: [2022-04-27 00:00:00] ServiceV trial - 01d342cc-19be-465e-9275-6746e2736f87, issue date = 2022-04-27T05:30:00.000+0530, expiry date = 2022-05-12T05:30:00.000+0530
2022-06-13 00:48:20,527 INFO  [LicenseManagerServiceImpl] Legacy license expired at 2022-05-12T05:30:00.000+0530
2022-06-13 00:48:20,528 INFO  [LicenseManagerServiceImpl] No reserve legacy license found
2022-06-13 00:48:20,531 INFO  [license] No license found for ReadyAPI Test.
2022-06-13 00:48:20,531 INFO  [license] No license found for ReadyAPI Performance.
2022-06-13 00:48:20,532 INFO  [license] No license found for ReadyAPI Virtualization.
2022-06-13 00:48:21,574 INFO  [WorkspaceImpl] Loading workspace from [C:\Users\002NAM744\default-soapui-workspace.xml]
2022-06-13 00:48:22,308 INFO  [BaseExecutionManager] Initialized base directory to keep executions to C:\Users\002NAM744\.readyapi\loadui\results
2022-06-13 00:48:22,437 INFO  [jetty] Logging initialized @15067ms to com.eviware.soapui.support.log.JettyLogger
2022-06-13 00:48:22,707 INFO  [DbLimitsUpdater] Setting maximum test history db size to 2048 MB
2022-06-13 00:48:22,851 INFO  [DiscoveryBroadcaster] No valid license for DiscoveryBroadcaster found. Not started.
2022-06-13 00:48:22,912 INFO  [ReadyApiInitializer] Initializing modules
2022-06-13 00:48:23,073 INFO  [ModuleLoader] Module [Dashboard] added 0 actionGroups, 0 actions, 0 factories, 0 listeners, 0 toolbar components.
2022-06-13 00:48:23,073 INFO  [ModuleLoader] Module [Integrations] added 0 actionGroups, 0 actions, 0 factories, 0 listeners, 0 toolbar components.
2022-06-13 00:48:23,908 INFO  [ModuleLoader] Module [Performance] added 6 actionGroups, 15 actions, 3 factories, 0 listeners, 0 toolbar components.
2022-06-13 00:48:24,120 INFO  [ModuleLoader] Module [Secure] added 5 actionGroups, 14 actions, 2 factories, 0 listeners, 0 toolbar components.
2022-06-13 00:48:24,624 INFO  [ModuleLoader] Module [SoapUIProUserInterfaceModule] added 6 actionGroups, 219 actions, 3 factories, 0 listeners, 0 toolbar components.
2022-06-13 00:48:24,710 INFO  [ModuleLoader] Module [Projects] added 15 actionGroups, 3 actions, 1 factories, 0 listeners, 0 toolbar components.
2022-06-13 00:48:24,880 INFO  [ModuleLoader] Module [Test] added 7 actionGroups, 7 actions, 1 factories, 0 listeners, 0 toolbar components.
2022-06-13 00:48:24,906 INFO  [ModuleLoader] Module [Virtualization] added 20 actionGroups, 39 actions, 19 factories, 0 listeners, 0 toolbar components.
2022-06-13 00:48:24,906 INFO  [ReadyApiInitializer] All modules loaded
2022-06-13 00:48:26,079 INFO  [ModuleLoader] Module [ReadyApiUI] added 8 actionGroups, 9 actions, 1 factories, 0 listeners, 0 toolbar components.
2022-06-13 00:48:26,080 INFO  [ReadyApiInitializer] Loading took 3166 ms
2022-06-13 00:48:26,138 INFO  [ReadyApiMain] Starting ReadyAPI 3.30.0 (build 8182)
