2022-04-28 11:25:09,208 ERROR [errorlog] [libprotobuf WARNING T:\src\github\protobuf\src\google\protobuf\compiler\parser.cc:648] No syntax specified for the proto file: proto17372694312964123598.proto. Please use 'syntax = "proto2";' or 'syntax = "proto3";' to specify a syntax version. (Defaulted to proto2 syntax.)
2022-04-28 11:25:09,210 ERROR [errorlog] proto17372694312964123598.proto:1:1: Expected top-level statement (e.g. "message").
2022-04-28 11:25:09,211 ERROR [errorlog] proto17372694312964123598.proto:1:252: Expected top-level statement (e.g. "message").
2022-04-28 11:25:09,211 ERROR [errorlog] proto17372694312964123598.proto:1:359: Expected top-level statement (e.g. "message").
2022-04-28 11:25:09,212 ERROR [errorlog] proto17372694312964123598.proto:1:466: Expected top-level statement (e.g. "message").
2022-04-28 11:54:46,235 ERROR [errorlog] [libprotobuf WARNING T:\src\github\protobuf\src\google\protobuf\compiler\parser.cc:648] No syntax specified for the proto file: proto15415602574927446632.proto. Please use 'syntax = "proto2";' or 'syntax = "proto3";' to specify a syntax version. (Defaulted to proto2 syntax.)
2022-04-28 11:54:46,237 ERROR [errorlog] proto15415602574927446632.proto:1:1: Expected top-level statement (e.g. "message").
2022-04-28 11:59:29,057 ERROR [errorlog] java.lang.ArrayIndexOutOfBoundsException: 2 >= 2
java.lang.ArrayIndexOutOfBoundsException: 2 >= 2
	at java.util.Vector.elementAt(Vector.java:466) ~[?:?]
	at javax.swing.tree.DefaultMutableTreeNode.getChildAt(DefaultMutableTreeNode.java:246) ~[?:?]
	at javax.swing.tree.VariableHeightLayoutCache.treeNodesRemoved(VariableHeightLayoutCache.java:547) ~[?:?]
	at javax.swing.plaf.basic.BasicTreeUI$Handler.treeNodesRemoved(BasicTreeUI.java:4393) ~[?:?]
	at com.eviware.soapui.ui.FilteredModelItemTreeModel.notifyNodesRemoved(FilteredModelItemTreeModel.java:213) ~[ready-api-soapui-3.30.0.jar:3.30.0]
	at com.eviware.soapui.ui.FilteredModelItemTreeModel.notifyNodeRemoved(FilteredModelItemTreeModel.java:324) ~[ready-api-soapui-3.30.0.jar:3.30.0]
	at com.eviware.soapui.ui.FilteredModelItemTreeModel.notifyNodeRemoved(FilteredModelItemTreeModel.java:314) ~[ready-api-soapui-3.30.0.jar:3.30.0]
	at com.eviware.soapui.model.tree.nodes.WorkspaceTreeNode$InternalWorkspaceListener.projectRemoved(WorkspaceTreeNode.java:159) ~[ready-api-soapui-3.30.0.jar:3.30.0]
	at com.eviware.soapui.impl.WorkspaceImpl.fireProjectRemoved(WorkspaceImpl.java:982) ~[ready-api-soapui-3.30.0.jar:3.30.0]
	at com.eviware.soapui.impl.WorkspaceImpl.fireProjectRemoved(WorkspaceImpl.java:976) ~[ready-api-soapui-3.30.0.jar:3.30.0]
	at com.eviware.soapui.impl.WorkspaceImpl.removeProject(WorkspaceImpl.java:936) ~[ready-api-soapui-3.30.0.jar:3.30.0]
	at com.eviware.soapui.impl.wsdl.actions.project.RemoveProjectAction.perform(RemoveProjectAction.java:78) ~[ready-api-soapui-3.30.0.jar:3.30.0]
	at com.eviware.soapui.impl.wsdl.actions.project.RemoveProjectAction.perform(RemoveProjectAction.java:1) ~[ready-api-soapui-3.30.0.jar:3.30.0]
	at com.eviware.soapui.support.action.swing.SwingActionDelegate.actionPerformed(SwingActionDelegate.java:200) ~[ready-api-soapui-3.30.0.jar:3.30.0]
	at javax.swing.AbstractButton.fireActionPerformed(AbstractButton.java:1972) ~[?:?]
	at javax.swing.AbstractButton$Handler.actionPerformed(AbstractButton.java:2313) ~[?:?]
	at javax.swing.DefaultButtonModel.fireActionPerformed(DefaultButtonModel.java:405) ~[?:?]
	at javax.swing.DefaultButtonModel.setPressed(DefaultButtonModel.java:262) ~[?:?]
	at javax.swing.AbstractButton.doClick(AbstractButton.java:374) ~[?:?]
	at javax.swing.plaf.basic.BasicMenuItemUI.doClick(BasicMenuItemUI.java:1022) ~[?:?]
	at javax.swing.plaf.basic.BasicMenuItemUI$Handler.mouseReleased(BasicMenuItemUI.java:1066) ~[?:?]
	at java.awt.AWTEventMulticaster.mouseReleased(AWTEventMulticaster.java:297) ~[?:?]
	at java.awt.Component.processMouseEvent(Component.java:6617) ~[?:?]
	at javax.swing.JComponent.processMouseEvent(JComponent.java:3342) ~[?:?]
	at java.awt.Component.processEvent(Component.java:6382) ~[?:?]
	at java.awt.Container.processEvent(Container.java:2264) ~[?:?]
	at java.awt.Component.dispatchEventImpl(Component.java:4993) ~[?:?]
	at java.awt.Container.dispatchEventImpl(Container.java:2322) ~[?:?]
	at java.awt.Component.dispatchEvent(Component.java:4825) ~[?:?]
	at java.awt.LightweightDispatcher.retargetMouseEvent(Container.java:4934) ~[?:?]
	at java.awt.LightweightDispatcher.processMouseEvent(Container.java:4563) ~[?:?]
	at java.awt.LightweightDispatcher.dispatchEvent(Container.java:4504) ~[?:?]
	at java.awt.Container.dispatchEventImpl(Container.java:2308) ~[?:?]
	at java.awt.Window.dispatchEventImpl(Window.java:2773) ~[?:?]
	at java.awt.Component.dispatchEvent(Component.java:4825) ~[?:?]
	at java.awt.EventQueue.dispatchEventImpl(EventQueue.java:772) ~[?:?]
	at java.awt.EventQueue$4.run(EventQueue.java:721) ~[?:?]
	at java.awt.EventQueue$4.run(EventQueue.java:715) ~[?:?]
	at java.security.AccessController.doPrivileged(AccessController.java:391) [?:?]
	at java.security.ProtectionDomain$JavaSecurityAccessImpl.doIntersectionPrivilege(ProtectionDomain.java:85) ~[?:?]
	at java.security.ProtectionDomain$JavaSecurityAccessImpl.doIntersectionPrivilege(ProtectionDomain.java:95) ~[?:?]
	at java.awt.EventQueue$5.run(EventQueue.java:745) ~[?:?]
	at java.awt.EventQueue$5.run(EventQueue.java:743) ~[?:?]
	at java.security.AccessController.doPrivileged(AccessController.java:391) [?:?]
	at java.security.ProtectionDomain$JavaSecurityAccessImpl.doIntersectionPrivilege(ProtectionDomain.java:85) [?:?]
	at java.awt.EventQueue.dispatchEvent(EventQueue.java:742) [?:?]
	at java.awt.EventDispatchThread.pumpOneEventForFilters(EventDispatchThread.java:203) [?:?]
	at java.awt.EventDispatchThread.pumpEventsForFilter(EventDispatchThread.java:124) [?:?]
	at java.awt.EventDispatchThread.pumpEventsForHierarchy(EventDispatchThread.java:113) [?:?]
	at java.awt.EventDispatchThread.pumpEvents(EventDispatchThread.java:109) [?:?]
	at java.awt.EventDispatchThread.pumpEvents(EventDispatchThread.java:101) [?:?]
	at java.awt.EventDispatchThread.run(EventDispatchThread.java:90) [?:?]
2022-05-04 11:39:13,609 ERROR [errorlog] java.io.FileNotFoundException: C:\Users\002NAM744\Documents\AON\FST_LMS\REST-Project-2-readyapi-project\Reports\report.xml (The system cannot find the path specified)
java.io.FileNotFoundException: C:\Users\002NAM744\Documents\AON\FST_LMS\REST-Project-2-readyapi-project\Reports\report.xml (The system cannot find the path specified)
	at java.io.FileOutputStream.open0(Native Method) ~[?:?]
	at java.io.FileOutputStream.open(FileOutputStream.java:291) ~[?:?]
	at java.io.FileOutputStream.<init>(FileOutputStream.java:234) ~[?:?]
	at java.io.FileOutputStream.<init>(FileOutputStream.java:184) ~[?:?]
	at org.apache.xmlbeans.impl.store.Cursor._save(Cursor.java:566) ~[xmlbeans-3.1.2-sb-fixed.jar:?]
	at org.apache.xmlbeans.impl.store.Cursor.save(Cursor.java:2526) ~[xmlbeans-3.1.2-sb-fixed.jar:?]
	at org.apache.xmlbeans.impl.values.XmlObjectBase.save(XmlObjectBase.java:220) ~[xmlbeans-3.1.2-sb-fixed.jar:?]
	at com.eviware.soapui.reporting.engine.junit.JUnitReportEngine.createReportDocument(JUnitReportEngine.java:137) ~[ready-api-soapui-pro-3.30.0.jar:3.30.0]
	at com.eviware.soapui.reporting.engine.junit.JUnitReportEngine.createReport(JUnitReportEngine.java:86) ~[ready-api-soapui-pro-3.30.0.jar:3.30.0]
	at com.eviware.soapui.reporting.engine.junit.GeneratableJUnitReport.generate(GeneratableJUnitReport.java:48) ~[ready-api-soapui-pro-3.30.0.jar:3.30.0]
	at com.eviware.soapui.impl.wsdl.actions.testcase.CreateReportAction.actionPerformed(CreateReportAction.java:150) ~[ready-api-soapui-pro-3.30.0.jar:3.30.0]
	at javax.swing.AbstractButton.fireActionPerformed(AbstractButton.java:1972) ~[?:?]
	at javax.swing.AbstractButton$Handler.actionPerformed(AbstractButton.java:2313) ~[?:?]
	at javax.swing.DefaultButtonModel.fireActionPerformed(DefaultButtonModel.java:405) ~[?:?]
	at javax.swing.DefaultButtonModel.setPressed(DefaultButtonModel.java:262) ~[?:?]
	at javax.swing.plaf.basic.BasicButtonListener.mouseReleased(BasicButtonListener.java:279) ~[?:?]
	at java.awt.AWTEventMulticaster.mouseReleased(AWTEventMulticaster.java:297) ~[?:?]
	at java.awt.Component.processMouseEvent(Component.java:6617) ~[?:?]
	at javax.swing.JComponent.processMouseEvent(JComponent.java:3342) ~[?:?]
	at java.awt.Component.processEvent(Component.java:6382) ~[?:?]
	at java.awt.Container.processEvent(Container.java:2264) ~[?:?]
	at java.awt.Component.dispatchEventImpl(Component.java:4993) ~[?:?]
	at java.awt.Container.dispatchEventImpl(Container.java:2322) ~[?:?]
	at java.awt.Component.dispatchEvent(Component.java:4825) ~[?:?]
	at java.awt.LightweightDispatcher.retargetMouseEvent(Container.java:4934) ~[?:?]
	at java.awt.LightweightDispatcher.processMouseEvent(Container.java:4563) ~[?:?]
	at java.awt.LightweightDispatcher.dispatchEvent(Container.java:4504) ~[?:?]
	at java.awt.Container.dispatchEventImpl(Container.java:2308) ~[?:?]
	at java.awt.Window.dispatchEventImpl(Window.java:2773) ~[?:?]
	at java.awt.Component.dispatchEvent(Component.java:4825) ~[?:?]
	at java.awt.EventQueue.dispatchEventImpl(EventQueue.java:772) ~[?:?]
	at java.awt.EventQueue$4.run(EventQueue.java:721) ~[?:?]
	at java.awt.EventQueue$4.run(EventQueue.java:715) ~[?:?]
	at java.security.AccessController.doPrivileged(AccessController.java:391) [?:?]
	at java.security.ProtectionDomain$JavaSecurityAccessImpl.doIntersectionPrivilege(ProtectionDomain.java:85) ~[?:?]
	at java.security.ProtectionDomain$JavaSecurityAccessImpl.doIntersectionPrivilege(ProtectionDomain.java:95) ~[?:?]
	at java.awt.EventQueue$5.run(EventQueue.java:745) ~[?:?]
	at java.awt.EventQueue$5.run(EventQueue.java:743) ~[?:?]
	at java.security.AccessController.doPrivileged(AccessController.java:391) [?:?]
	at java.security.ProtectionDomain$JavaSecurityAccessImpl.doIntersectionPrivilege(ProtectionDomain.java:85) [?:?]
	at java.awt.EventQueue.dispatchEvent(EventQueue.java:742) [?:?]
	at java.awt.EventDispatchThread.pumpOneEventForFilters(EventDispatchThread.java:203) [?:?]
	at java.awt.EventDispatchThread.pumpEventsForFilter(EventDispatchThread.java:124) [?:?]
	at java.awt.EventDispatchThread.pumpEventsForHierarchy(EventDispatchThread.java:113) [?:?]
	at java.awt.EventDispatchThread.pumpEvents(EventDispatchThread.java:109) [?:?]
	at java.awt.EventDispatchThread.pumpEvents(EventDispatchThread.java:101) [?:?]
	at java.awt.EventDispatchThread.run(EventDispatchThread.java:90) [?:?]
2022-05-04 11:39:51,723 ERROR [errorlog] java.io.FileNotFoundException: C:\Users\002NAM744\Documents\AON\FST_LMS\REST-Project-2-readyapi-project\Reports\report.xml (The system cannot find the path specified)
java.io.FileNotFoundException: C:\Users\002NAM744\Documents\AON\FST_LMS\REST-Project-2-readyapi-project\Reports\report.xml (The system cannot find the path specified)
	at java.io.FileOutputStream.open0(Native Method) ~[?:?]
	at java.io.FileOutputStream.open(FileOutputStream.java:291) ~[?:?]
	at java.io.FileOutputStream.<init>(FileOutputStream.java:234) ~[?:?]
	at java.io.FileOutputStream.<init>(FileOutputStream.java:184) ~[?:?]
	at org.apache.xmlbeans.impl.store.Cursor._save(Cursor.java:566) ~[xmlbeans-3.1.2-sb-fixed.jar:?]
	at org.apache.xmlbeans.impl.store.Cursor.save(Cursor.java:2526) ~[xmlbeans-3.1.2-sb-fixed.jar:?]
	at org.apache.xmlbeans.impl.values.XmlObjectBase.save(XmlObjectBase.java:220) ~[xmlbeans-3.1.2-sb-fixed.jar:?]
	at com.eviware.soapui.reporting.engine.junit.JUnitReportEngine.createReportDocument(JUnitReportEngine.java:137) ~[ready-api-soapui-pro-3.30.0.jar:3.30.0]
	at com.eviware.soapui.reporting.engine.junit.JUnitReportEngine.createReport(JUnitReportEngine.java:86) ~[ready-api-soapui-pro-3.30.0.jar:3.30.0]
	at com.eviware.soapui.reporting.engine.junit.GeneratableJUnitReport.generate(GeneratableJUnitReport.java:48) ~[ready-api-soapui-pro-3.30.0.jar:3.30.0]
	at com.eviware.soapui.impl.wsdl.actions.testcase.CreateReportAction.actionPerformed(CreateReportAction.java:150) ~[ready-api-soapui-pro-3.30.0.jar:3.30.0]
	at javax.swing.AbstractButton.fireActionPerformed(AbstractButton.java:1972) ~[?:?]
	at javax.swing.AbstractButton$Handler.actionPerformed(AbstractButton.java:2313) ~[?:?]
	at javax.swing.DefaultButtonModel.fireActionPerformed(DefaultButtonModel.java:405) ~[?:?]
	at javax.swing.DefaultButtonModel.setPressed(DefaultButtonModel.java:262) ~[?:?]
	at javax.swing.plaf.basic.BasicButtonListener.mouseReleased(BasicButtonListener.java:279) ~[?:?]
	at java.awt.AWTEventMulticaster.mouseReleased(AWTEventMulticaster.java:297) ~[?:?]
	at java.awt.Component.processMouseEvent(Component.java:6617) ~[?:?]
	at javax.swing.JComponent.processMouseEvent(JComponent.java:3342) ~[?:?]
	at java.awt.Component.processEvent(Component.java:6382) ~[?:?]
	at java.awt.Container.processEvent(Container.java:2264) ~[?:?]
	at java.awt.Component.dispatchEventImpl(Component.java:4993) ~[?:?]
	at java.awt.Container.dispatchEventImpl(Container.java:2322) ~[?:?]
	at java.awt.Component.dispatchEvent(Component.java:4825) ~[?:?]
	at java.awt.LightweightDispatcher.retargetMouseEvent(Container.java:4934) ~[?:?]
	at java.awt.LightweightDispatcher.processMouseEvent(Container.java:4563) ~[?:?]
	at java.awt.LightweightDispatcher.dispatchEvent(Container.java:4504) ~[?:?]
	at java.awt.Container.dispatchEventImpl(Container.java:2308) ~[?:?]
	at java.awt.Window.dispatchEventImpl(Window.java:2773) ~[?:?]
	at java.awt.Component.dispatchEvent(Component.java:4825) ~[?:?]
	at java.awt.EventQueue.dispatchEventImpl(EventQueue.java:772) ~[?:?]
	at java.awt.EventQueue$4.run(EventQueue.java:721) ~[?:?]
	at java.awt.EventQueue$4.run(EventQueue.java:715) ~[?:?]
	at java.security.AccessController.doPrivileged(AccessController.java:391) [?:?]
	at java.security.ProtectionDomain$JavaSecurityAccessImpl.doIntersectionPrivilege(ProtectionDomain.java:85) ~[?:?]
	at java.security.ProtectionDomain$JavaSecurityAccessImpl.doIntersectionPrivilege(ProtectionDomain.java:95) ~[?:?]
	at java.awt.EventQueue$5.run(EventQueue.java:745) ~[?:?]
	at java.awt.EventQueue$5.run(EventQueue.java:743) ~[?:?]
	at java.security.AccessController.doPrivileged(AccessController.java:391) [?:?]
	at java.security.ProtectionDomain$JavaSecurityAccessImpl.doIntersectionPrivilege(ProtectionDomain.java:85) [?:?]
	at java.awt.EventQueue.dispatchEvent(EventQueue.java:742) [?:?]
	at java.awt.EventDispatchThread.pumpOneEventForFilters(EventDispatchThread.java:203) [?:?]
	at java.awt.EventDispatchThread.pumpEventsForFilter(EventDispatchThread.java:124) [?:?]
	at java.awt.EventDispatchThread.pumpEventsForHierarchy(EventDispatchThread.java:113) [?:?]
	at java.awt.EventDispatchThread.pumpEvents(EventDispatchThread.java:109) [?:?]
	at java.awt.EventDispatchThread.pumpEvents(EventDispatchThread.java:101) [?:?]
	at java.awt.EventDispatchThread.run(EventDispatchThread.java:90) [?:?]
2022-05-04 11:40:10,839 ERROR [errorlog] java.io.FileNotFoundException: C:\Users\002NAM744\Documents\AON\FST_LMS\REST-Project-2-readyapi-project\Reports\report.xml (The system cannot find the path specified)
java.io.FileNotFoundException: C:\Users\002NAM744\Documents\AON\FST_LMS\REST-Project-2-readyapi-project\Reports\report.xml (The system cannot find the path specified)
	at java.io.FileOutputStream.open0(Native Method) ~[?:?]
	at java.io.FileOutputStream.open(FileOutputStream.java:291) ~[?:?]
	at java.io.FileOutputStream.<init>(FileOutputStream.java:234) ~[?:?]
	at java.io.FileOutputStream.<init>(FileOutputStream.java:184) ~[?:?]
	at org.apache.xmlbeans.impl.store.Cursor._save(Cursor.java:566) ~[xmlbeans-3.1.2-sb-fixed.jar:?]
	at org.apache.xmlbeans.impl.store.Cursor.save(Cursor.java:2526) ~[xmlbeans-3.1.2-sb-fixed.jar:?]
	at org.apache.xmlbeans.impl.values.XmlObjectBase.save(XmlObjectBase.java:220) ~[xmlbeans-3.1.2-sb-fixed.jar:?]
	at com.eviware.soapui.reporting.engine.junit.JUnitReportEngine.createReportDocument(JUnitReportEngine.java:137) ~[ready-api-soapui-pro-3.30.0.jar:3.30.0]
	at com.eviware.soapui.reporting.engine.junit.JUnitReportEngine.createReport(JUnitReportEngine.java:86) ~[ready-api-soapui-pro-3.30.0.jar:3.30.0]
	at com.eviware.soapui.reporting.engine.junit.GeneratableJUnitReport.generate(GeneratableJUnitReport.java:48) ~[ready-api-soapui-pro-3.30.0.jar:3.30.0]
	at com.eviware.soapui.impl.wsdl.actions.testcase.CreateReportAction.actionPerformed(CreateReportAction.java:150) ~[ready-api-soapui-pro-3.30.0.jar:3.30.0]
	at javax.swing.AbstractButton.fireActionPerformed(AbstractButton.java:1972) ~[?:?]
	at javax.swing.AbstractButton$Handler.actionPerformed(AbstractButton.java:2313) ~[?:?]
	at javax.swing.DefaultButtonModel.fireActionPerformed(DefaultButtonModel.java:405) ~[?:?]
	at javax.swing.DefaultButtonModel.setPressed(DefaultButtonModel.java:262) ~[?:?]
	at javax.swing.plaf.basic.BasicButtonListener.mouseReleased(BasicButtonListener.java:279) ~[?:?]
	at java.awt.AWTEventMulticaster.mouseReleased(AWTEventMulticaster.java:297) ~[?:?]
	at java.awt.Component.processMouseEvent(Component.java:6617) ~[?:?]
	at javax.swing.JComponent.processMouseEvent(JComponent.java:3342) ~[?:?]
	at java.awt.Component.processEvent(Component.java:6382) ~[?:?]
	at java.awt.Container.processEvent(Container.java:2264) ~[?:?]
	at java.awt.Component.dispatchEventImpl(Component.java:4993) ~[?:?]
	at java.awt.Container.dispatchEventImpl(Container.java:2322) ~[?:?]
	at java.awt.Component.dispatchEvent(Component.java:4825) ~[?:?]
	at java.awt.LightweightDispatcher.retargetMouseEvent(Container.java:4934) ~[?:?]
	at java.awt.LightweightDispatcher.processMouseEvent(Container.java:4563) ~[?:?]
	at java.awt.LightweightDispatcher.dispatchEvent(Container.java:4504) ~[?:?]
	at java.awt.Container.dispatchEventImpl(Container.java:2308) ~[?:?]
	at java.awt.Window.dispatchEventImpl(Window.java:2773) ~[?:?]
	at java.awt.Component.dispatchEvent(Component.java:4825) ~[?:?]
	at java.awt.EventQueue.dispatchEventImpl(EventQueue.java:772) ~[?:?]
	at java.awt.EventQueue$4.run(EventQueue.java:721) ~[?:?]
	at java.awt.EventQueue$4.run(EventQueue.java:715) ~[?:?]
	at java.security.AccessController.doPrivileged(AccessController.java:391) [?:?]
	at java.security.ProtectionDomain$JavaSecurityAccessImpl.doIntersectionPrivilege(ProtectionDomain.java:85) ~[?:?]
	at java.security.ProtectionDomain$JavaSecurityAccessImpl.doIntersectionPrivilege(ProtectionDomain.java:95) ~[?:?]
	at java.awt.EventQueue$5.run(EventQueue.java:745) ~[?:?]
	at java.awt.EventQueue$5.run(EventQueue.java:743) ~[?:?]
	at java.security.AccessController.doPrivileged(AccessController.java:391) [?:?]
	at java.security.ProtectionDomain$JavaSecurityAccessImpl.doIntersectionPrivilege(ProtectionDomain.java:85) [?:?]
	at java.awt.EventQueue.dispatchEvent(EventQueue.java:742) [?:?]
	at java.awt.EventDispatchThread.pumpOneEventForFilters(EventDispatchThread.java:203) [?:?]
	at java.awt.EventDispatchThread.pumpEventsForFilter(EventDispatchThread.java:124) [?:?]
	at java.awt.EventDispatchThread.pumpEventsForHierarchy(EventDispatchThread.java:113) [?:?]
	at java.awt.EventDispatchThread.pumpEvents(EventDispatchThread.java:109) [?:?]
	at java.awt.EventDispatchThread.pumpEvents(EventDispatchThread.java:101) [?:?]
	at java.awt.EventDispatchThread.run(EventDispatchThread.java:90) [?:?]
2022-05-04 12:57:00,376 ERROR [errorlog] java.io.FileNotFoundException: C:\Users\002NAM744\Documents\AON\FST_LMS\REST-Project-2-readyapi-project\Reports\report.xml (The system cannot find the path specified)
java.io.FileNotFoundException: C:\Users\002NAM744\Documents\AON\FST_LMS\REST-Project-2-readyapi-project\Reports\report.xml (The system cannot find the path specified)
	at java.io.FileOutputStream.open0(Native Method) ~[?:?]
	at java.io.FileOutputStream.open(FileOutputStream.java:291) ~[?:?]
	at java.io.FileOutputStream.<init>(FileOutputStream.java:234) ~[?:?]
	at java.io.FileOutputStream.<init>(FileOutputStream.java:184) ~[?:?]
	at org.apache.xmlbeans.impl.store.Cursor._save(Cursor.java:566) ~[xmlbeans-3.1.2-sb-fixed.jar:?]
	at org.apache.xmlbeans.impl.store.Cursor.save(Cursor.java:2526) ~[xmlbeans-3.1.2-sb-fixed.jar:?]
	at org.apache.xmlbeans.impl.values.XmlObjectBase.save(XmlObjectBase.java:220) ~[xmlbeans-3.1.2-sb-fixed.jar:?]
	at com.eviware.soapui.reporting.engine.junit.JUnitReportEngine.createReportDocument(JUnitReportEngine.java:137) ~[ready-api-soapui-pro-3.30.0.jar:3.30.0]
	at com.eviware.soapui.reporting.engine.junit.JUnitReportEngine.createReport(JUnitReportEngine.java:86) ~[ready-api-soapui-pro-3.30.0.jar:3.30.0]
	at com.eviware.soapui.reporting.engine.junit.GeneratableJUnitReport.generate(GeneratableJUnitReport.java:48) ~[ready-api-soapui-pro-3.30.0.jar:3.30.0]
	at com.eviware.soapui.impl.wsdl.actions.testcase.CreateReportAction.actionPerformed(CreateReportAction.java:150) ~[ready-api-soapui-pro-3.30.0.jar:3.30.0]
	at javax.swing.AbstractButton.fireActionPerformed(AbstractButton.java:1972) ~[?:?]
	at javax.swing.AbstractButton$Handler.actionPerformed(AbstractButton.java:2313) ~[?:?]
	at javax.swing.DefaultButtonModel.fireActionPerformed(DefaultButtonModel.java:405) ~[?:?]
	at javax.swing.DefaultButtonModel.setPressed(DefaultButtonModel.java:262) ~[?:?]
	at javax.swing.plaf.basic.BasicButtonListener.mouseReleased(BasicButtonListener.java:279) ~[?:?]
	at java.awt.AWTEventMulticaster.mouseReleased(AWTEventMulticaster.java:297) ~[?:?]
	at java.awt.Component.processMouseEvent(Component.java:6617) ~[?:?]
	at javax.swing.JComponent.processMouseEvent(JComponent.java:3342) ~[?:?]
	at java.awt.Component.processEvent(Component.java:6382) ~[?:?]
	at java.awt.Container.processEvent(Container.java:2264) ~[?:?]
	at java.awt.Component.dispatchEventImpl(Component.java:4993) ~[?:?]
	at java.awt.Container.dispatchEventImpl(Container.java:2322) ~[?:?]
	at java.awt.Component.dispatchEvent(Component.java:4825) ~[?:?]
	at java.awt.LightweightDispatcher.retargetMouseEvent(Container.java:4934) ~[?:?]
	at java.awt.LightweightDispatcher.processMouseEvent(Container.java:4563) ~[?:?]
	at java.awt.LightweightDispatcher.dispatchEvent(Container.java:4504) ~[?:?]
	at java.awt.Container.dispatchEventImpl(Container.java:2308) ~[?:?]
	at java.awt.Window.dispatchEventImpl(Window.java:2773) ~[?:?]
	at java.awt.Component.dispatchEvent(Component.java:4825) ~[?:?]
	at java.awt.EventQueue.dispatchEventImpl(EventQueue.java:772) ~[?:?]
	at java.awt.EventQueue$4.run(EventQueue.java:721) ~[?:?]
	at java.awt.EventQueue$4.run(EventQueue.java:715) ~[?:?]
	at java.security.AccessController.doPrivileged(AccessController.java:391) [?:?]
	at java.security.ProtectionDomain$JavaSecurityAccessImpl.doIntersectionPrivilege(ProtectionDomain.java:85) ~[?:?]
	at java.security.ProtectionDomain$JavaSecurityAccessImpl.doIntersectionPrivilege(ProtectionDomain.java:95) ~[?:?]
	at java.awt.EventQueue$5.run(EventQueue.java:745) ~[?:?]
	at java.awt.EventQueue$5.run(EventQueue.java:743) ~[?:?]
	at java.security.AccessController.doPrivileged(AccessController.java:391) [?:?]
	at java.security.ProtectionDomain$JavaSecurityAccessImpl.doIntersectionPrivilege(ProtectionDomain.java:85) [?:?]
	at java.awt.EventQueue.dispatchEvent(EventQueue.java:742) [?:?]
	at java.awt.EventDispatchThread.pumpOneEventForFilters(EventDispatchThread.java:203) [?:?]
	at java.awt.EventDispatchThread.pumpEventsForFilter(EventDispatchThread.java:124) [?:?]
	at java.awt.EventDispatchThread.pumpEventsForHierarchy(EventDispatchThread.java:113) [?:?]
	at java.awt.EventDispatchThread.pumpEvents(EventDispatchThread.java:109) [?:?]
	at java.awt.EventDispatchThread.pumpEvents(EventDispatchThread.java:101) [?:?]
	at java.awt.EventDispatchThread.run(EventDispatchThread.java:90) [?:?]
2022-05-04 12:58:58,724 ERROR [errorlog] java.io.FileNotFoundException: C:\Users\002NAM744\Documents\AON\FST_LMS\Reports\report.xml (The system cannot find the path specified)
java.io.FileNotFoundException: C:\Users\002NAM744\Documents\AON\FST_LMS\Reports\report.xml (The system cannot find the path specified)
	at java.io.FileOutputStream.open0(Native Method) ~[?:?]
	at java.io.FileOutputStream.open(FileOutputStream.java:291) ~[?:?]
	at java.io.FileOutputStream.<init>(FileOutputStream.java:234) ~[?:?]
	at java.io.FileOutputStream.<init>(FileOutputStream.java:184) ~[?:?]
	at org.apache.xmlbeans.impl.store.Cursor._save(Cursor.java:566) ~[xmlbeans-3.1.2-sb-fixed.jar:?]
	at org.apache.xmlbeans.impl.store.Cursor.save(Cursor.java:2526) ~[xmlbeans-3.1.2-sb-fixed.jar:?]
	at org.apache.xmlbeans.impl.values.XmlObjectBase.save(XmlObjectBase.java:220) ~[xmlbeans-3.1.2-sb-fixed.jar:?]
	at com.eviware.soapui.reporting.engine.junit.JUnitReportEngine.createReportDocument(JUnitReportEngine.java:137) ~[ready-api-soapui-pro-3.30.0.jar:3.30.0]
	at com.eviware.soapui.reporting.engine.junit.JUnitReportEngine.createReport(JUnitReportEngine.java:86) ~[ready-api-soapui-pro-3.30.0.jar:3.30.0]
	at com.eviware.soapui.reporting.engine.junit.GeneratableJUnitReport.generate(GeneratableJUnitReport.java:48) ~[ready-api-soapui-pro-3.30.0.jar:3.30.0]
	at com.eviware.soapui.impl.wsdl.actions.testcase.CreateReportAction.actionPerformed(CreateReportAction.java:150) ~[ready-api-soapui-pro-3.30.0.jar:3.30.0]
	at javax.swing.AbstractButton.fireActionPerformed(AbstractButton.java:1972) ~[?:?]
	at javax.swing.AbstractButton$Handler.actionPerformed(AbstractButton.java:2313) ~[?:?]
	at javax.swing.DefaultButtonModel.fireActionPerformed(DefaultButtonModel.java:405) ~[?:?]
	at javax.swing.DefaultButtonModel.setPressed(DefaultButtonModel.java:262) ~[?:?]
	at javax.swing.plaf.basic.BasicButtonListener.mouseReleased(BasicButtonListener.java:279) ~[?:?]
	at java.awt.AWTEventMulticaster.mouseReleased(AWTEventMulticaster.java:297) ~[?:?]
	at java.awt.Component.processMouseEvent(Component.java:6617) ~[?:?]
	at javax.swing.JComponent.processMouseEvent(JComponent.java:3342) ~[?:?]
	at java.awt.Component.processEvent(Component.java:6382) ~[?:?]
	at java.awt.Container.processEvent(Container.java:2264) ~[?:?]
	at java.awt.Component.dispatchEventImpl(Component.java:4993) ~[?:?]
	at java.awt.Container.dispatchEventImpl(Container.java:2322) ~[?:?]
	at java.awt.Component.dispatchEvent(Component.java:4825) ~[?:?]
	at java.awt.LightweightDispatcher.retargetMouseEvent(Container.java:4934) ~[?:?]
	at java.awt.LightweightDispatcher.processMouseEvent(Container.java:4563) ~[?:?]
	at java.awt.LightweightDispatcher.dispatchEvent(Container.java:4504) ~[?:?]
	at java.awt.Container.dispatchEventImpl(Container.java:2308) ~[?:?]
	at java.awt.Window.dispatchEventImpl(Window.java:2773) ~[?:?]
	at java.awt.Component.dispatchEvent(Component.java:4825) ~[?:?]
	at java.awt.EventQueue.dispatchEventImpl(EventQueue.java:772) ~[?:?]
	at java.awt.EventQueue$4.run(EventQueue.java:721) ~[?:?]
	at java.awt.EventQueue$4.run(EventQueue.java:715) ~[?:?]
	at java.security.AccessController.doPrivileged(AccessController.java:391) [?:?]
	at java.security.ProtectionDomain$JavaSecurityAccessImpl.doIntersectionPrivilege(ProtectionDomain.java:85) ~[?:?]
	at java.security.ProtectionDomain$JavaSecurityAccessImpl.doIntersectionPrivilege(ProtectionDomain.java:95) ~[?:?]
	at java.awt.EventQueue$5.run(EventQueue.java:745) ~[?:?]
	at java.awt.EventQueue$5.run(EventQueue.java:743) ~[?:?]
	at java.security.AccessController.doPrivileged(AccessController.java:391) [?:?]
	at java.security.ProtectionDomain$JavaSecurityAccessImpl.doIntersectionPrivilege(ProtectionDomain.java:85) [?:?]
	at java.awt.EventQueue.dispatchEvent(EventQueue.java:742) [?:?]
	at java.awt.EventDispatchThread.pumpOneEventForFilters(EventDispatchThread.java:203) [?:?]
	at java.awt.EventDispatchThread.pumpEventsForFilter(EventDispatchThread.java:124) [?:?]
	at java.awt.EventDispatchThread.pumpEventsForHierarchy(EventDispatchThread.java:113) [?:?]
	at java.awt.EventDispatchThread.pumpEvents(EventDispatchThread.java:109) [?:?]
	at java.awt.EventDispatchThread.pumpEvents(EventDispatchThread.java:101) [?:?]
	at java.awt.EventDispatchThread.run(EventDispatchThread.java:90) [?:?]
2022-05-04 12:59:16,348 ERROR [errorlog] java.io.FileNotFoundException: C:\Work\Reports\report.xml (The system cannot find the path specified)
java.io.FileNotFoundException: C:\Work\Reports\report.xml (The system cannot find the path specified)
	at java.io.FileOutputStream.open0(Native Method) ~[?:?]
	at java.io.FileOutputStream.open(FileOutputStream.java:291) ~[?:?]
	at java.io.FileOutputStream.<init>(FileOutputStream.java:234) ~[?:?]
	at java.io.FileOutputStream.<init>(FileOutputStream.java:184) ~[?:?]
	at org.apache.xmlbeans.impl.store.Cursor._save(Cursor.java:566) ~[xmlbeans-3.1.2-sb-fixed.jar:?]
	at org.apache.xmlbeans.impl.store.Cursor.save(Cursor.java:2526) ~[xmlbeans-3.1.2-sb-fixed.jar:?]
	at org.apache.xmlbeans.impl.values.XmlObjectBase.save(XmlObjectBase.java:220) ~[xmlbeans-3.1.2-sb-fixed.jar:?]
	at com.eviware.soapui.reporting.engine.junit.JUnitReportEngine.createReportDocument(JUnitReportEngine.java:137) ~[ready-api-soapui-pro-3.30.0.jar:3.30.0]
	at com.eviware.soapui.reporting.engine.junit.JUnitReportEngine.createReport(JUnitReportEngine.java:86) ~[ready-api-soapui-pro-3.30.0.jar:3.30.0]
	at com.eviware.soapui.reporting.engine.junit.GeneratableJUnitReport.generate(GeneratableJUnitReport.java:48) ~[ready-api-soapui-pro-3.30.0.jar:3.30.0]
	at com.eviware.soapui.impl.wsdl.actions.testcase.CreateReportAction.actionPerformed(CreateReportAction.java:150) ~[ready-api-soapui-pro-3.30.0.jar:3.30.0]
	at javax.swing.AbstractButton.fireActionPerformed(AbstractButton.java:1972) ~[?:?]
	at javax.swing.AbstractButton$Handler.actionPerformed(AbstractButton.java:2313) ~[?:?]
	at javax.swing.DefaultButtonModel.fireActionPerformed(DefaultButtonModel.java:405) ~[?:?]
	at javax.swing.DefaultButtonModel.setPressed(DefaultButtonModel.java:262) ~[?:?]
	at javax.swing.plaf.basic.BasicButtonListener.mouseReleased(BasicButtonListener.java:279) ~[?:?]
	at java.awt.AWTEventMulticaster.mouseReleased(AWTEventMulticaster.java:297) ~[?:?]
	at java.awt.Component.processMouseEvent(Component.java:6617) ~[?:?]
	at javax.swing.JComponent.processMouseEvent(JComponent.java:3342) ~[?:?]
	at java.awt.Component.processEvent(Component.java:6382) ~[?:?]
	at java.awt.Container.processEvent(Container.java:2264) ~[?:?]
	at java.awt.Component.dispatchEventImpl(Component.java:4993) ~[?:?]
	at java.awt.Container.dispatchEventImpl(Container.java:2322) ~[?:?]
	at java.awt.Component.dispatchEvent(Component.java:4825) ~[?:?]
	at java.awt.LightweightDispatcher.retargetMouseEvent(Container.java:4934) ~[?:?]
	at java.awt.LightweightDispatcher.processMouseEvent(Container.java:4563) ~[?:?]
	at java.awt.LightweightDispatcher.dispatchEvent(Container.java:4504) ~[?:?]
	at java.awt.Container.dispatchEventImpl(Container.java:2308) ~[?:?]
	at java.awt.Window.dispatchEventImpl(Window.java:2773) ~[?:?]
	at java.awt.Component.dispatchEvent(Component.java:4825) ~[?:?]
	at java.awt.EventQueue.dispatchEventImpl(EventQueue.java:772) ~[?:?]
	at java.awt.EventQueue$4.run(EventQueue.java:721) ~[?:?]
	at java.awt.EventQueue$4.run(EventQueue.java:715) ~[?:?]
	at java.security.AccessController.doPrivileged(AccessController.java:391) [?:?]
	at java.security.ProtectionDomain$JavaSecurityAccessImpl.doIntersectionPrivilege(ProtectionDomain.java:85) ~[?:?]
	at java.security.ProtectionDomain$JavaSecurityAccessImpl.doIntersectionPrivilege(ProtectionDomain.java:95) ~[?:?]
	at java.awt.EventQueue$5.run(EventQueue.java:745) ~[?:?]
	at java.awt.EventQueue$5.run(EventQueue.java:743) ~[?:?]
	at java.security.AccessController.doPrivileged(AccessController.java:391) [?:?]
	at java.security.ProtectionDomain$JavaSecurityAccessImpl.doIntersectionPrivilege(ProtectionDomain.java:85) [?:?]
	at java.awt.EventQueue.dispatchEvent(EventQueue.java:742) [?:?]
	at java.awt.EventDispatchThread.pumpOneEventForFilters(EventDispatchThread.java:203) [?:?]
	at java.awt.EventDispatchThread.pumpEventsForFilter(EventDispatchThread.java:124) [?:?]
	at java.awt.EventDispatchThread.pumpEventsForHierarchy(EventDispatchThread.java:113) [?:?]
	at java.awt.EventDispatchThread.pumpEvents(EventDispatchThread.java:109) [?:?]
	at java.awt.EventDispatchThread.pumpEvents(EventDispatchThread.java:101) [?:?]
	at java.awt.EventDispatchThread.run(EventDispatchThread.java:90) [?:?]
2022-05-04 13:00:16,596 ERROR [errorlog] java.io.FileNotFoundException: C:\Users\002NAM744\Documents\AON\FST_LMS\REST-Project-2-readyapi-project\Reports\report.xml (The system cannot find the path specified)
java.io.FileNotFoundException: C:\Users\002NAM744\Documents\AON\FST_LMS\REST-Project-2-readyapi-project\Reports\report.xml (The system cannot find the path specified)
	at java.io.FileOutputStream.open0(Native Method) ~[?:?]
	at java.io.FileOutputStream.open(FileOutputStream.java:291) ~[?:?]
	at java.io.FileOutputStream.<init>(FileOutputStream.java:234) ~[?:?]
	at java.io.FileOutputStream.<init>(FileOutputStream.java:184) ~[?:?]
	at org.apache.xmlbeans.impl.store.Cursor._save(Cursor.java:566) ~[xmlbeans-3.1.2-sb-fixed.jar:?]
	at org.apache.xmlbeans.impl.store.Cursor.save(Cursor.java:2526) ~[xmlbeans-3.1.2-sb-fixed.jar:?]
	at org.apache.xmlbeans.impl.values.XmlObjectBase.save(XmlObjectBase.java:220) ~[xmlbeans-3.1.2-sb-fixed.jar:?]
	at com.eviware.soapui.reporting.engine.junit.JUnitReportEngine.createReportDocument(JUnitReportEngine.java:137) ~[ready-api-soapui-pro-3.30.0.jar:3.30.0]
	at com.eviware.soapui.reporting.engine.junit.JUnitReportEngine.createReport(JUnitReportEngine.java:86) ~[ready-api-soapui-pro-3.30.0.jar:3.30.0]
	at com.eviware.soapui.reporting.engine.junit.GeneratableJUnitReport.generate(GeneratableJUnitReport.java:48) ~[ready-api-soapui-pro-3.30.0.jar:3.30.0]
	at com.eviware.soapui.impl.wsdl.actions.testcase.CreateReportAction.actionPerformed(CreateReportAction.java:150) ~[ready-api-soapui-pro-3.30.0.jar:3.30.0]
	at javax.swing.AbstractButton.fireActionPerformed(AbstractButton.java:1972) ~[?:?]
	at javax.swing.AbstractButton$Handler.actionPerformed(AbstractButton.java:2313) ~[?:?]
	at javax.swing.DefaultButtonModel.fireActionPerformed(DefaultButtonModel.java:405) ~[?:?]
	at javax.swing.DefaultButtonModel.setPressed(DefaultButtonModel.java:262) ~[?:?]
	at javax.swing.plaf.basic.BasicButtonListener.mouseReleased(BasicButtonListener.java:279) ~[?:?]
	at java.awt.AWTEventMulticaster.mouseReleased(AWTEventMulticaster.java:297) ~[?:?]
	at java.awt.Component.processMouseEvent(Component.java:6617) ~[?:?]
	at javax.swing.JComponent.processMouseEvent(JComponent.java:3342) ~[?:?]
	at java.awt.Component.processEvent(Component.java:6382) ~[?:?]
	at java.awt.Container.processEvent(Container.java:2264) ~[?:?]
	at java.awt.Component.dispatchEventImpl(Component.java:4993) ~[?:?]
	at java.awt.Container.dispatchEventImpl(Container.java:2322) ~[?:?]
	at java.awt.Component.dispatchEvent(Component.java:4825) ~[?:?]
	at java.awt.LightweightDispatcher.retargetMouseEvent(Container.java:4934) ~[?:?]
	at java.awt.LightweightDispatcher.processMouseEvent(Container.java:4563) ~[?:?]
	at java.awt.LightweightDispatcher.dispatchEvent(Container.java:4504) ~[?:?]
	at java.awt.Container.dispatchEventImpl(Container.java:2308) ~[?:?]
	at java.awt.Window.dispatchEventImpl(Window.java:2773) ~[?:?]
	at java.awt.Component.dispatchEvent(Component.java:4825) ~[?:?]
	at java.awt.EventQueue.dispatchEventImpl(EventQueue.java:772) ~[?:?]
	at java.awt.EventQueue$4.run(EventQueue.java:721) ~[?:?]
	at java.awt.EventQueue$4.run(EventQueue.java:715) ~[?:?]
	at java.security.AccessController.doPrivileged(AccessController.java:391) [?:?]
	at java.security.ProtectionDomain$JavaSecurityAccessImpl.doIntersectionPrivilege(ProtectionDomain.java:85) ~[?:?]
	at java.security.ProtectionDomain$JavaSecurityAccessImpl.doIntersectionPrivilege(ProtectionDomain.java:95) ~[?:?]
	at java.awt.EventQueue$5.run(EventQueue.java:745) ~[?:?]
	at java.awt.EventQueue$5.run(EventQueue.java:743) ~[?:?]
	at java.security.AccessController.doPrivileged(AccessController.java:391) [?:?]
	at java.security.ProtectionDomain$JavaSecurityAccessImpl.doIntersectionPrivilege(ProtectionDomain.java:85) [?:?]
	at java.awt.EventQueue.dispatchEvent(EventQueue.java:742) [?:?]
	at java.awt.EventDispatchThread.pumpOneEventForFilters(EventDispatchThread.java:203) [?:?]
	at java.awt.EventDispatchThread.pumpEventsForFilter(EventDispatchThread.java:124) [?:?]
	at java.awt.EventDispatchThread.pumpEventsForHierarchy(EventDispatchThread.java:113) [?:?]
	at java.awt.EventDispatchThread.pumpEvents(EventDispatchThread.java:109) [?:?]
	at java.awt.EventDispatchThread.pumpEvents(EventDispatchThread.java:101) [?:?]
	at java.awt.EventDispatchThread.run(EventDispatchThread.java:90) [?:?]
2022-05-04 13:01:04,719 ERROR [errorlog] java.io.FileNotFoundException: C:\Work\Reports\report.xml (The system cannot find the path specified)
java.io.FileNotFoundException: C:\Work\Reports\report.xml (The system cannot find the path specified)
	at java.io.FileOutputStream.open0(Native Method) ~[?:?]
	at java.io.FileOutputStream.open(FileOutputStream.java:291) ~[?:?]
	at java.io.FileOutputStream.<init>(FileOutputStream.java:234) ~[?:?]
	at java.io.FileOutputStream.<init>(FileOutputStream.java:184) ~[?:?]
	at org.apache.xmlbeans.impl.store.Cursor._save(Cursor.java:566) ~[xmlbeans-3.1.2-sb-fixed.jar:?]
	at org.apache.xmlbeans.impl.store.Cursor.save(Cursor.java:2526) ~[xmlbeans-3.1.2-sb-fixed.jar:?]
	at org.apache.xmlbeans.impl.values.XmlObjectBase.save(XmlObjectBase.java:220) ~[xmlbeans-3.1.2-sb-fixed.jar:?]
	at com.eviware.soapui.reporting.engine.junit.JUnitReportEngine.createReportDocument(JUnitReportEngine.java:137) ~[ready-api-soapui-pro-3.30.0.jar:3.30.0]
	at com.eviware.soapui.reporting.engine.junit.JUnitReportEngine.createReport(JUnitReportEngine.java:86) ~[ready-api-soapui-pro-3.30.0.jar:3.30.0]
	at com.eviware.soapui.reporting.engine.junit.GeneratableJUnitReport.generate(GeneratableJUnitReport.java:48) ~[ready-api-soapui-pro-3.30.0.jar:3.30.0]
	at com.eviware.soapui.impl.wsdl.actions.testcase.CreateReportAction.actionPerformed(CreateReportAction.java:150) ~[ready-api-soapui-pro-3.30.0.jar:3.30.0]
	at javax.swing.AbstractButton.fireActionPerformed(AbstractButton.java:1972) ~[?:?]
	at javax.swing.AbstractButton$Handler.actionPerformed(AbstractButton.java:2313) ~[?:?]
	at javax.swing.DefaultButtonModel.fireActionPerformed(DefaultButtonModel.java:405) ~[?:?]
	at javax.swing.DefaultButtonModel.setPressed(DefaultButtonModel.java:262) ~[?:?]
	at javax.swing.plaf.basic.BasicButtonListener.mouseReleased(BasicButtonListener.java:279) ~[?:?]
	at java.awt.AWTEventMulticaster.mouseReleased(AWTEventMulticaster.java:297) ~[?:?]
	at java.awt.Component.processMouseEvent(Component.java:6617) ~[?:?]
	at javax.swing.JComponent.processMouseEvent(JComponent.java:3342) ~[?:?]
	at java.awt.Component.processEvent(Component.java:6382) ~[?:?]
	at java.awt.Container.processEvent(Container.java:2264) ~[?:?]
	at java.awt.Component.dispatchEventImpl(Component.java:4993) ~[?:?]
	at java.awt.Container.dispatchEventImpl(Container.java:2322) ~[?:?]
	at java.awt.Component.dispatchEvent(Component.java:4825) ~[?:?]
	at java.awt.LightweightDispatcher.retargetMouseEvent(Container.java:4934) ~[?:?]
	at java.awt.LightweightDispatcher.processMouseEvent(Container.java:4563) ~[?:?]
	at java.awt.LightweightDispatcher.dispatchEvent(Container.java:4504) ~[?:?]
	at java.awt.Container.dispatchEventImpl(Container.java:2308) ~[?:?]
	at java.awt.Window.dispatchEventImpl(Window.java:2773) ~[?:?]
	at java.awt.Component.dispatchEvent(Component.java:4825) ~[?:?]
	at java.awt.EventQueue.dispatchEventImpl(EventQueue.java:772) ~[?:?]
	at java.awt.EventQueue$4.run(EventQueue.java:721) ~[?:?]
	at java.awt.EventQueue$4.run(EventQueue.java:715) ~[?:?]
	at java.security.AccessController.doPrivileged(AccessController.java:391) [?:?]
	at java.security.ProtectionDomain$JavaSecurityAccessImpl.doIntersectionPrivilege(ProtectionDomain.java:85) ~[?:?]
	at java.security.ProtectionDomain$JavaSecurityAccessImpl.doIntersectionPrivilege(ProtectionDomain.java:95) ~[?:?]
	at java.awt.EventQueue$5.run(EventQueue.java:745) ~[?:?]
	at java.awt.EventQueue$5.run(EventQueue.java:743) ~[?:?]
	at java.security.AccessController.doPrivileged(AccessController.java:391) [?:?]
	at java.security.ProtectionDomain$JavaSecurityAccessImpl.doIntersectionPrivilege(ProtectionDomain.java:85) [?:?]
	at java.awt.EventQueue.dispatchEvent(EventQueue.java:742) [?:?]
	at java.awt.EventDispatchThread.pumpOneEventForFilters(EventDispatchThread.java:203) [?:?]
	at java.awt.EventDispatchThread.pumpEventsForFilter(EventDispatchThread.java:124) [?:?]
	at java.awt.EventDispatchThread.pumpEventsForHierarchy(EventDispatchThread.java:113) [?:?]
	at java.awt.EventDispatchThread.pumpEvents(EventDispatchThread.java:109) [?:?]
	at java.awt.EventDispatchThread.pumpEvents(EventDispatchThread.java:101) [?:?]
	at java.awt.EventDispatchThread.run(EventDispatchThread.java:90) [?:?]
2022-05-04 13:01:30,784 ERROR [errorlog] java.io.FileNotFoundException: C:\Users\002NAM744\Documents\AON\FST_LMS\REST-Project-2-readyapi-project\Reports\report.xml (The system cannot find the path specified)
java.io.FileNotFoundException: C:\Users\002NAM744\Documents\AON\FST_LMS\REST-Project-2-readyapi-project\Reports\report.xml (The system cannot find the path specified)
	at java.io.FileOutputStream.open0(Native Method) ~[?:?]
	at java.io.FileOutputStream.open(FileOutputStream.java:291) ~[?:?]
	at java.io.FileOutputStream.<init>(FileOutputStream.java:234) ~[?:?]
	at java.io.FileOutputStream.<init>(FileOutputStream.java:184) ~[?:?]
	at org.apache.xmlbeans.impl.store.Cursor._save(Cursor.java:566) ~[xmlbeans-3.1.2-sb-fixed.jar:?]
	at org.apache.xmlbeans.impl.store.Cursor.save(Cursor.java:2526) ~[xmlbeans-3.1.2-sb-fixed.jar:?]
	at org.apache.xmlbeans.impl.values.XmlObjectBase.save(XmlObjectBase.java:220) ~[xmlbeans-3.1.2-sb-fixed.jar:?]
	at com.eviware.soapui.reporting.engine.junit.JUnitReportEngine.createReportDocument(JUnitReportEngine.java:137) ~[ready-api-soapui-pro-3.30.0.jar:3.30.0]
	at com.eviware.soapui.reporting.engine.junit.JUnitReportEngine.createReport(JUnitReportEngine.java:86) ~[ready-api-soapui-pro-3.30.0.jar:3.30.0]
	at com.eviware.soapui.reporting.engine.junit.GeneratableJUnitReport.generate(GeneratableJUnitReport.java:48) ~[ready-api-soapui-pro-3.30.0.jar:3.30.0]
	at com.eviware.soapui.impl.wsdl.actions.testcase.CreateReportAction.actionPerformed(CreateReportAction.java:150) ~[ready-api-soapui-pro-3.30.0.jar:3.30.0]
	at javax.swing.AbstractButton.fireActionPerformed(AbstractButton.java:1972) ~[?:?]
	at javax.swing.AbstractButton$Handler.actionPerformed(AbstractButton.java:2313) ~[?:?]
	at javax.swing.DefaultButtonModel.fireActionPerformed(DefaultButtonModel.java:405) ~[?:?]
	at javax.swing.DefaultButtonModel.setPressed(DefaultButtonModel.java:262) ~[?:?]
	at javax.swing.plaf.basic.BasicButtonListener.mouseReleased(BasicButtonListener.java:279) ~[?:?]
	at java.awt.AWTEventMulticaster.mouseReleased(AWTEventMulticaster.java:297) ~[?:?]
	at java.awt.Component.processMouseEvent(Component.java:6617) ~[?:?]
	at javax.swing.JComponent.processMouseEvent(JComponent.java:3342) ~[?:?]
	at java.awt.Component.processEvent(Component.java:6382) ~[?:?]
	at java.awt.Container.processEvent(Container.java:2264) ~[?:?]
	at java.awt.Component.dispatchEventImpl(Component.java:4993) ~[?:?]
	at java.awt.Container.dispatchEventImpl(Container.java:2322) ~[?:?]
	at java.awt.Component.dispatchEvent(Component.java:4825) ~[?:?]
	at java.awt.LightweightDispatcher.retargetMouseEvent(Container.java:4934) ~[?:?]
	at java.awt.LightweightDispatcher.processMouseEvent(Container.java:4563) ~[?:?]
	at java.awt.LightweightDispatcher.dispatchEvent(Container.java:4504) ~[?:?]
	at java.awt.Container.dispatchEventImpl(Container.java:2308) ~[?:?]
	at java.awt.Window.dispatchEventImpl(Window.java:2773) ~[?:?]
	at java.awt.Component.dispatchEvent(Component.java:4825) ~[?:?]
	at java.awt.EventQueue.dispatchEventImpl(EventQueue.java:772) ~[?:?]
	at java.awt.EventQueue$4.run(EventQueue.java:721) ~[?:?]
	at java.awt.EventQueue$4.run(EventQueue.java:715) ~[?:?]
	at java.security.AccessController.doPrivileged(AccessController.java:391) [?:?]
	at java.security.ProtectionDomain$JavaSecurityAccessImpl.doIntersectionPrivilege(ProtectionDomain.java:85) ~[?:?]
	at java.security.ProtectionDomain$JavaSecurityAccessImpl.doIntersectionPrivilege(ProtectionDomain.java:95) ~[?:?]
	at java.awt.EventQueue$5.run(EventQueue.java:745) ~[?:?]
	at java.awt.EventQueue$5.run(EventQueue.java:743) ~[?:?]
	at java.security.AccessController.doPrivileged(AccessController.java:391) [?:?]
	at java.security.ProtectionDomain$JavaSecurityAccessImpl.doIntersectionPrivilege(ProtectionDomain.java:85) [?:?]
	at java.awt.EventQueue.dispatchEvent(EventQueue.java:742) [?:?]
	at java.awt.EventDispatchThread.pumpOneEventForFilters(EventDispatchThread.java:203) [?:?]
	at java.awt.EventDispatchThread.pumpEventsForFilter(EventDispatchThread.java:124) [?:?]
	at java.awt.EventDispatchThread.pumpEventsForHierarchy(EventDispatchThread.java:113) [?:?]
	at java.awt.EventDispatchThread.pumpEvents(EventDispatchThread.java:109) [?:?]
	at java.awt.EventDispatchThread.pumpEvents(EventDispatchThread.java:101) [?:?]
	at java.awt.EventDispatchThread.run(EventDispatchThread.java:90) [?:?]
2022-05-04 13:02:18,299 ERROR [errorlog] java.io.FileNotFoundException: C:\Work\Reports\report.xml (The system cannot find the path specified)
java.io.FileNotFoundException: C:\Work\Reports\report.xml (The system cannot find the path specified)
	at java.io.FileOutputStream.open0(Native Method) ~[?:?]
	at java.io.FileOutputStream.open(FileOutputStream.java:291) ~[?:?]
	at java.io.FileOutputStream.<init>(FileOutputStream.java:234) ~[?:?]
	at java.io.FileOutputStream.<init>(FileOutputStream.java:184) ~[?:?]
	at org.apache.xmlbeans.impl.store.Cursor._save(Cursor.java:566) ~[xmlbeans-3.1.2-sb-fixed.jar:?]
	at org.apache.xmlbeans.impl.store.Cursor.save(Cursor.java:2526) ~[xmlbeans-3.1.2-sb-fixed.jar:?]
	at org.apache.xmlbeans.impl.values.XmlObjectBase.save(XmlObjectBase.java:220) ~[xmlbeans-3.1.2-sb-fixed.jar:?]
	at com.eviware.soapui.reporting.engine.junit.JUnitReportEngine.createReportDocument(JUnitReportEngine.java:137) ~[ready-api-soapui-pro-3.30.0.jar:3.30.0]
	at com.eviware.soapui.reporting.engine.junit.JUnitReportEngine.createReport(JUnitReportEngine.java:86) ~[ready-api-soapui-pro-3.30.0.jar:3.30.0]
	at com.eviware.soapui.reporting.engine.junit.GeneratableJUnitReport.generate(GeneratableJUnitReport.java:48) ~[ready-api-soapui-pro-3.30.0.jar:3.30.0]
	at com.eviware.soapui.impl.wsdl.actions.testcase.CreateReportAction.actionPerformed(CreateReportAction.java:150) ~[ready-api-soapui-pro-3.30.0.jar:3.30.0]
	at javax.swing.AbstractButton.fireActionPerformed(AbstractButton.java:1972) ~[?:?]
	at javax.swing.AbstractButton$Handler.actionPerformed(AbstractButton.java:2313) ~[?:?]
	at javax.swing.DefaultButtonModel.fireActionPerformed(DefaultButtonModel.java:405) ~[?:?]
	at javax.swing.DefaultButtonModel.setPressed(DefaultButtonModel.java:262) ~[?:?]
	at javax.swing.plaf.basic.BasicButtonListener.mouseReleased(BasicButtonListener.java:279) ~[?:?]
	at java.awt.AWTEventMulticaster.mouseReleased(AWTEventMulticaster.java:297) ~[?:?]
	at java.awt.Component.processMouseEvent(Component.java:6617) ~[?:?]
	at javax.swing.JComponent.processMouseEvent(JComponent.java:3342) ~[?:?]
	at java.awt.Component.processEvent(Component.java:6382) ~[?:?]
	at java.awt.Container.processEvent(Container.java:2264) ~[?:?]
	at java.awt.Component.dispatchEventImpl(Component.java:4993) ~[?:?]
	at java.awt.Container.dispatchEventImpl(Container.java:2322) ~[?:?]
	at java.awt.Component.dispatchEvent(Component.java:4825) ~[?:?]
	at java.awt.LightweightDispatcher.retargetMouseEvent(Container.java:4934) ~[?:?]
	at java.awt.LightweightDispatcher.processMouseEvent(Container.java:4563) ~[?:?]
	at java.awt.LightweightDispatcher.dispatchEvent(Container.java:4504) ~[?:?]
	at java.awt.Container.dispatchEventImpl(Container.java:2308) ~[?:?]
	at java.awt.Window.dispatchEventImpl(Window.java:2773) ~[?:?]
	at java.awt.Component.dispatchEvent(Component.java:4825) ~[?:?]
	at java.awt.EventQueue.dispatchEventImpl(EventQueue.java:772) ~[?:?]
	at java.awt.EventQueue$4.run(EventQueue.java:721) ~[?:?]
	at java.awt.EventQueue$4.run(EventQueue.java:715) ~[?:?]
	at java.security.AccessController.doPrivileged(AccessController.java:391) [?:?]
	at java.security.ProtectionDomain$JavaSecurityAccessImpl.doIntersectionPrivilege(ProtectionDomain.java:85) ~[?:?]
	at java.security.ProtectionDomain$JavaSecurityAccessImpl.doIntersectionPrivilege(ProtectionDomain.java:95) ~[?:?]
	at java.awt.EventQueue$5.run(EventQueue.java:745) ~[?:?]
	at java.awt.EventQueue$5.run(EventQueue.java:743) ~[?:?]
	at java.security.AccessController.doPrivileged(AccessController.java:391) [?:?]
	at java.security.ProtectionDomain$JavaSecurityAccessImpl.doIntersectionPrivilege(ProtectionDomain.java:85) [?:?]
	at java.awt.EventQueue.dispatchEvent(EventQueue.java:742) [?:?]
	at java.awt.EventDispatchThread.pumpOneEventForFilters(EventDispatchThread.java:203) [?:?]
	at java.awt.EventDispatchThread.pumpEventsForFilter(EventDispatchThread.java:124) [?:?]
	at java.awt.EventDispatchThread.pumpEventsForHierarchy(EventDispatchThread.java:113) [?:?]
	at java.awt.EventDispatchThread.pumpEvents(EventDispatchThread.java:109) [?:?]
	at java.awt.EventDispatchThread.pumpEvents(EventDispatchThread.java:101) [?:?]
	at java.awt.EventDispatchThread.run(EventDispatchThread.java:90) [?:?]
